<?xml version="1.0" encoding="UTF-8"?>
<testng-results ignored="0" total="1" passed="1" failed="0" skipped="0">
  <reporter-output>
  </reporter-output>
  <suite started-at="2023-07-14T12:30:19 IST" name="Suite" finished-at="2023-07-14T12:30:20 IST" duration-ms="112">
    <groups>
    </groups>
    <test started-at="2023-07-14T12:30:19 IST" name="Test" finished-at="2023-07-14T12:30:20 IST" duration-ms="112">
      <class name="Demo1.parameterization">
        <test-method signature="method1(java.lang.String,java.lang.String)[pri:0, instance:Demo1.parameterization@6f1de4c7]" started-at="2023-07-14T12:30:20 IST" name="method1" finished-at="2023-07-14T12:30:20 IST" duration-ms="18" status="PASS">
          <params>
            <param index="0">
              <value>
                <![CDATA[https:saleforce.com]]>
              </value>
            </param>
            <param index="1">
              <value>
                <![CDATA[rahul]]>
              </value>
            </param>
          </params>
          <reporter-output>
          </reporter-output>
        </test-method> <!-- method1 -->
      </class> <!-- Demo1.parameterization -->
    </test> <!-- Test -->
  </suite> <!-- Suite -->
</testng-results>
